2025-10-06 23:11:31,386 INFO: Starting Flask application... [in D:\Skills\Coding Webdev\Abba's Project\Atif Shahzad Courses Website\backend\run.py:30]
2025-10-06 23:11:35,668 ERROR: Failed to import Flask app: No module named 'flask_bcrypt' [in D:\Skills\Coding Webdev\Abba's Project\Atif Shahzad Courses Website\backend\run.py:36]
2025-10-06 23:11:53,433 INFO: Starting Flask application... [in D:\Skills\Coding Webdev\Abba's Project\Atif Shahzad Courses Website\backend\run.py:30]
2025-10-06 23:12:02,863 ERROR: Failed to import Flask app: No module named 'NCAAA_Courses' [in D:\Skills\Coding Webdev\Abba's Project\Atif Shahzad Courses Website\backend\run.py:36]
2025-10-06 23:14:34,154 INFO: Starting Flask application... [in D:\Skills\Coding Webdev\Abba's Project\Atif Shahzad Courses Website\backend\run.py:30]
2025-10-06 23:14:35,772 ERROR: Failed to import Flask app: No module named 'NCAAA_Courses' [in D:\Skills\Coding Webdev\Abba's Project\Atif Shahzad Courses Website\backend\run.py:36]
2025-10-06 23:14:59,731 INFO: Starting Flask application... [in D:\Skills\Coding Webdev\Abba's Project\Atif Shahzad Courses Website\backend\run.py:30]
2025-10-06 23:15:01,428 ERROR: Failed to import Flask app: No module named 'models' [in D:\Skills\Coding Webdev\Abba's Project\Atif Shahzad Courses Website\backend\run.py:36]
2025-10-06 23:15:26,501 INFO: Starting Flask application... [in D:\Skills\Coding Webdev\Abba's Project\Atif Shahzad Courses Website\backend\run.py:30]
2025-10-06 23:15:28,028 INFO: Successfully imported Flask app [in D:\Skills\Coding Webdev\Abba's Project\Atif Shahzad Courses Website\backend\run.py:34]
2025-10-06 23:15:28,993 ERROR: Failed to create Flask app: No module named 'backend' [in D:\Skills\Coding Webdev\Abba's Project\Atif Shahzad Courses Website\backend\run.py:44]
2025-10-06 23:16:27,510 INFO: Starting Flask application... [in D:\Skills\Coding Webdev\Abba's Project\Atif Shahzad Courses Website\backend\run.py:30]
2025-10-06 23:16:29,196 INFO: Successfully imported Flask app [in D:\Skills\Coding Webdev\Abba's Project\Atif Shahzad Courses Website\backend\run.py:34]
2025-10-06 23:16:30,546 INFO: Flask app created successfully [in D:\Skills\Coding Webdev\Abba's Project\Atif Shahzad Courses Website\backend\run.py:42]
2025-10-06 23:16:32,281 INFO: Database tables created successfully [in D:\Skills\Coding Webdev\Abba's Project\Atif Shahzad Courses Website\backend\run.py:51]
2025-10-06 23:16:32,283 INFO: Python version: 3.13.7 (tags/v3.13.7:bcee1c3, Aug 14 2025, 14:15:11) [MSC v.1944 64 bit (AMD64)] [in D:\Skills\Coding Webdev\Abba's Project\Atif Shahzad Courses Website\backend\run.py:61]
2025-10-06 23:16:32,285 INFO: Current working directory: D:\Skills\Coding Webdev\Abba's Project\Atif Shahzad Courses Website\backend [in D:\Skills\Coding Webdev\Abba's Project\Atif Shahzad Courses Website\backend\run.py:62]
2025-10-06 23:16:32,285 INFO: Python path: ["D:\\Skills\\Coding Webdev\\Abba's Project\\Atif Shahzad Courses Website\\backend", "D:\\Skills\\Coding Webdev\\Abba's Project\\Atif Shahzad Courses Website\\backend", 'C:\\Program Files\\WindowsApps\\PythonSoftwareFoundation.Python.3.13_3.13.2032.0_x64__qbz5n2kfra8p0\\python313.zip', 'C:\\Program Files\\WindowsApps\\PythonSoftwareFoundation.Python.3.13_3.13.2032.0_x64__qbz5n2kfra8p0\\DLLs', 'C:\\Program Files\\WindowsApps\\PythonSoftwareFoundation.Python.3.13_3.13.2032.0_x64__qbz5n2kfra8p0\\Lib', 'C:\\Program Files\\WindowsApps\\PythonSoftwareFoundation.Python.3.13_3.13.2032.0_x64__qbz5n2kfra8p0', "D:\\Skills\\Coding Webdev\\Abba's Project\\Atif Shahzad Courses Website\\backend\\venv", "D:\\Skills\\Coding Webdev\\Abba's Project\\Atif Shahzad Courses Website\\backend\\venv\\Lib\\site-packages"] [in D:\Skills\Coding Webdev\Abba's Project\Atif Shahzad Courses Website\backend\run.py:63]
2025-10-06 23:16:32,291 INFO: Application is ready to serve requests [in D:\Skills\Coding Webdev\Abba's Project\Atif Shahzad Courses Website\backend\run.py:64]
2025-10-06 23:16:32,293 INFO: Running in development mode [in D:\Skills\Coding Webdev\Abba's Project\Atif Shahzad Courses Website\backend\run.py:67]
2025-10-06 23:29:22,396 INFO: Starting Flask application... [in D:\Skills\Coding Webdev\Abba's Project\Atif Shahzad Courses Website\backend\run.py:30]
2025-10-06 23:29:24,101 INFO: Successfully imported Flask app [in D:\Skills\Coding Webdev\Abba's Project\Atif Shahzad Courses Website\backend\run.py:34]
2025-10-06 23:29:24,336 INFO: Flask app created successfully [in D:\Skills\Coding Webdev\Abba's Project\Atif Shahzad Courses Website\backend\run.py:42]
2025-10-06 23:29:25,913 INFO: Database tables created successfully [in D:\Skills\Coding Webdev\Abba's Project\Atif Shahzad Courses Website\backend\run.py:51]
2025-10-06 23:29:25,913 INFO: Python version: 3.13.7 (tags/v3.13.7:bcee1c3, Aug 14 2025, 14:15:11) [MSC v.1944 64 bit (AMD64)] [in D:\Skills\Coding Webdev\Abba's Project\Atif Shahzad Courses Website\backend\run.py:61]
2025-10-06 23:29:25,913 INFO: Current working directory: D:\Skills\Coding Webdev\Abba's Project\Atif Shahzad Courses Website\backend [in D:\Skills\Coding Webdev\Abba's Project\Atif Shahzad Courses Website\backend\run.py:62]
2025-10-06 23:29:25,914 INFO: Python path: ["D:\\Skills\\Coding Webdev\\Abba's Project\\Atif Shahzad Courses Website\\backend", "D:\\Skills\\Coding Webdev\\Abba's Project\\Atif Shahzad Courses Website\\backend", 'C:\\Program Files\\WindowsApps\\PythonSoftwareFoundation.Python.3.13_3.13.2032.0_x64__qbz5n2kfra8p0\\python313.zip', 'C:\\Program Files\\WindowsApps\\PythonSoftwareFoundation.Python.3.13_3.13.2032.0_x64__qbz5n2kfra8p0\\DLLs', 'C:\\Program Files\\WindowsApps\\PythonSoftwareFoundation.Python.3.13_3.13.2032.0_x64__qbz5n2kfra8p0\\Lib', 'C:\\Program Files\\WindowsApps\\PythonSoftwareFoundation.Python.3.13_3.13.2032.0_x64__qbz5n2kfra8p0', "D:\\Skills\\Coding Webdev\\Abba's Project\\Atif Shahzad Courses Website\\backend\\venv", "D:\\Skills\\Coding Webdev\\Abba's Project\\Atif Shahzad Courses Website\\backend\\venv\\Lib\\site-packages"] [in D:\Skills\Coding Webdev\Abba's Project\Atif Shahzad Courses Website\backend\run.py:63]
2025-10-06 23:29:25,914 INFO: Application is ready to serve requests [in D:\Skills\Coding Webdev\Abba's Project\Atif Shahzad Courses Website\backend\run.py:64]
2025-10-06 23:29:25,914 INFO: Running in development mode [in D:\Skills\Coding Webdev\Abba's Project\Atif Shahzad Courses Website\backend\run.py:67]
2025-10-07 12:42:27,418 INFO: Starting Flask application... [in D:\Skills\Coding Webdev\Abba's Project\Atif Shahzad Courses Website\backend\run.py:30]
2025-10-07 12:42:38,248 INFO: Successfully imported Flask app [in D:\Skills\Coding Webdev\Abba's Project\Atif Shahzad Courses Website\backend\run.py:34]
2025-10-07 12:42:40,446 INFO: Flask app created successfully [in D:\Skills\Coding Webdev\Abba's Project\Atif Shahzad Courses Website\backend\run.py:42]
2025-10-07 12:42:42,215 INFO: Database tables created successfully [in D:\Skills\Coding Webdev\Abba's Project\Atif Shahzad Courses Website\backend\run.py:51]
2025-10-07 12:42:42,216 INFO: Python version: 3.13.7 (tags/v3.13.7:bcee1c3, Aug 14 2025, 14:15:11) [MSC v.1944 64 bit (AMD64)] [in D:\Skills\Coding Webdev\Abba's Project\Atif Shahzad Courses Website\backend\run.py:61]
2025-10-07 12:42:42,217 INFO: Current working directory: D:\Skills\Coding Webdev\Abba's Project\Atif Shahzad Courses Website\backend [in D:\Skills\Coding Webdev\Abba's Project\Atif Shahzad Courses Website\backend\run.py:62]
2025-10-07 12:42:42,217 INFO: Python path: ["D:\\Skills\\Coding Webdev\\Abba's Project\\Atif Shahzad Courses Website\\backend", "D:\\Skills\\Coding Webdev\\Abba's Project\\Atif Shahzad Courses Website\\backend", 'C:\\Program Files\\WindowsApps\\PythonSoftwareFoundation.Python.3.13_3.13.2032.0_x64__qbz5n2kfra8p0\\python313.zip', 'C:\\Program Files\\WindowsApps\\PythonSoftwareFoundation.Python.3.13_3.13.2032.0_x64__qbz5n2kfra8p0\\DLLs', 'C:\\Program Files\\WindowsApps\\PythonSoftwareFoundation.Python.3.13_3.13.2032.0_x64__qbz5n2kfra8p0\\Lib', 'C:\\Program Files\\WindowsApps\\PythonSoftwareFoundation.Python.3.13_3.13.2032.0_x64__qbz5n2kfra8p0', "D:\\Skills\\Coding Webdev\\Abba's Project\\Atif Shahzad Courses Website\\backend\\venv", "D:\\Skills\\Coding Webdev\\Abba's Project\\Atif Shahzad Courses Website\\backend\\venv\\Lib\\site-packages"] [in D:\Skills\Coding Webdev\Abba's Project\Atif Shahzad Courses Website\backend\run.py:63]
2025-10-07 12:42:42,217 INFO: Application is ready to serve requests [in D:\Skills\Coding Webdev\Abba's Project\Atif Shahzad Courses Website\backend\run.py:64]
2025-10-07 12:42:42,218 INFO: Running in development mode [in D:\Skills\Coding Webdev\Abba's Project\Atif Shahzad Courses Website\backend\run.py:67]
